<?xml version="1.0" encoding="UTF-8"?>
<!-- Generated by org.testng.reporters.JUnitXMLReporter -->
<testsuite hostname="Meet" ignored="40" name="Test" tests="3" failures="1" timestamp="04 Aug 2018 11:27:55 GMT" time="53.18" errors="0">
  <testcase name="@AfterMethod afterMethod" time="0.391" classname="com.test.base.TestBase">
    <failure type="org.openqa.selenium.WebDriverException" message="Failed to decode response from marionette
Build info: version: &amp;apos;3.8.1&amp;apos;, revision: &amp;apos;6e95a6684b&amp;apos;, time: &amp;apos;2017-12-01T18:33:54.468Z&amp;apos;
System info: host: &amp;apos;MEET&amp;apos;, ip: &amp;apos;192.168.0.115&amp;apos;, os.name: &amp;apos;Windows 8.1&amp;apos;, os.arch: &amp;apos;amd64&amp;apos;, os.version: &amp;apos;6.3&amp;apos;, java.version: &amp;apos;1.8.0_60&amp;apos;
Driver info: org.openqa.selenium.firefox.FirefoxDriver
Capabilities {acceptInsecureCerts: true, browserName: firefox, browserVersion: 56.0, javascriptEnabled: true, moz:accessibilityChecks: false, moz:headless: false, moz:processID: 3668, moz:profile: C:\Users\Hiren Gajera\AppDa..., pageLoadStrategy: normal, platform: XP, platformName: XP, platformVersion: 6.3, rotatable: false, specificationLevel: 0, timeouts: {implicit: 0, pageLoad: 300000, script: 30000}}
Session ID: 1a26b51d-8572-4d76-8717-739d2d193392">
      <![CDATA[org.openqa.selenium.WebDriverException: Failed to decode response from marionette
Build info: version: '3.8.1', revision: '6e95a6684b', time: '2017-12-01T18:33:54.468Z'
System info: host: 'MEET', ip: '192.168.0.115', os.name: 'Windows 8.1', os.arch: 'amd64', os.version: '6.3', java.version: '1.8.0_60'
Driver info: org.openqa.selenium.firefox.FirefoxDriver
Capabilities {acceptInsecureCerts: true, browserName: firefox, browserVersion: 56.0, javascriptEnabled: true, moz:accessibilityChecks: false, moz:headless: false, moz:processID: 3668, moz:profile: C:\Users\Hiren Gajera\AppDa..., pageLoadStrategy: normal, platform: XP, platformName: XP, platformVersion: 6.3, rotatable: false, specificationLevel: 0, timeouts: {implicit: 0, pageLoad: 300000, script: 30000}}
Session ID: 1a26b51d-8572-4d76-8717-739d2d193392
at org.openqa.selenium.remote.http.W3CHttpResponseCodec.createException(W3CHttpResponseCodec.java:187)
at org.openqa.selenium.remote.http.W3CHttpResponseCodec.decode(W3CHttpResponseCodec.java:122)
at org.openqa.selenium.remote.http.W3CHttpResponseCodec.decode(W3CHttpResponseCodec.java:49)
at org.openqa.selenium.remote.HttpCommandExecutor.execute(HttpCommandExecutor.java:164)
at org.openqa.selenium.remote.service.DriverCommandExecutor.execute(DriverCommandExecutor.java:83)
at org.openqa.selenium.remote.RemoteWebDriver.execute(RemoteWebDriver.java:601)
at org.openqa.selenium.remote.RemoteWebDriver.execute(RemoteWebDriver.java:658)
at org.openqa.selenium.remote.RemoteWebDriver.getScreenshotAs(RemoteWebDriver.java:343)
at com.test.screencapture.ScrenShot.ReportCapture(ScrenShot.java:21)
at com.test.base.TestBase.afterMethod(TestBase.java:132)
... Removed 32 stack frames]]>
    </failure>
  </testcase> <!-- @AfterMethod afterMethod -->
  <testcase name="@AfterTest tearDown" time="0.0" classname="com.test.base.TestBase">
    <skipped/>
  </testcase> <!-- @AfterTest tearDown -->
  <testcase name="clickonsignup" time="0.4" classname="com.test.testcase.HomeTestcase"/>
  <testcase name="planselect" time="0.899" classname="com.test.testcase.PlanSelectTestcase"/>
  <testcase name="cardnumberincorrectverify" time="27.339" classname="com.test.testcase.SignUpTestcase">
    <failure type="org.openqa.selenium.WebDriverException" message="Failed to find value field
Build info: version: &amp;apos;3.8.1&amp;apos;, revision: &amp;apos;6e95a6684b&amp;apos;, time: &amp;apos;2017-12-01T18:33:54.468Z&amp;apos;
System info: host: &amp;apos;MEET&amp;apos;, ip: &amp;apos;192.168.0.115&amp;apos;, os.name: &amp;apos;Windows 8.1&amp;apos;, os.arch: &amp;apos;amd64&amp;apos;, os.version: &amp;apos;6.3&amp;apos;, java.version: &amp;apos;1.8.0_60&amp;apos;
Driver info: org.openqa.selenium.firefox.FirefoxDriver
Capabilities {acceptInsecureCerts: true, browserName: firefox, browserVersion: 56.0, javascriptEnabled: true, moz:accessibilityChecks: false, moz:headless: false, moz:processID: 3668, moz:profile: C:\Users\Hiren Gajera\AppDa..., pageLoadStrategy: normal, platform: XP, platformName: XP, platformVersion: 6.3, rotatable: false, specificationLevel: 0, timeouts: {implicit: 0, pageLoad: 300000, script: 30000}}
Session ID: 1a26b51d-8572-4d76-8717-739d2d193392
*** Element info: {Using=xpath, value=//*[@style=&amp;apos;color:red;&amp;apos;]}">
      <![CDATA[org.openqa.selenium.WebDriverException: Failed to find value field
Build info: version: '3.8.1', revision: '6e95a6684b', time: '2017-12-01T18:33:54.468Z'
System info: host: 'MEET', ip: '192.168.0.115', os.name: 'Windows 8.1', os.arch: 'amd64', os.version: '6.3', java.version: '1.8.0_60'
Driver info: org.openqa.selenium.firefox.FirefoxDriver
Capabilities {acceptInsecureCerts: true, browserName: firefox, browserVersion: 56.0, javascriptEnabled: true, moz:accessibilityChecks: false, moz:headless: false, moz:processID: 3668, moz:profile: C:\Users\Hiren Gajera\AppDa..., pageLoadStrategy: normal, platform: XP, platformName: XP, platformVersion: 6.3, rotatable: false, specificationLevel: 0, timeouts: {implicit: 0, pageLoad: 300000, script: 30000}}
Session ID: 1a26b51d-8572-4d76-8717-739d2d193392
*** Element info: {Using=xpath, value=//*[@style='color:red;']}
at org.openqa.selenium.remote.http.W3CHttpResponseCodec.createException(W3CHttpResponseCodec.java:187)
at org.openqa.selenium.remote.http.W3CHttpResponseCodec.decode(W3CHttpResponseCodec.java:122)
at org.openqa.selenium.remote.http.W3CHttpResponseCodec.decode(W3CHttpResponseCodec.java:49)
at org.openqa.selenium.remote.HttpCommandExecutor.execute(HttpCommandExecutor.java:164)
at org.openqa.selenium.remote.service.DriverCommandExecutor.execute(DriverCommandExecutor.java:83)
at org.openqa.selenium.remote.RemoteWebDriver.execute(RemoteWebDriver.java:601)
at org.openqa.selenium.remote.RemoteWebDriver.findElement(RemoteWebDriver.java:371)
at org.openqa.selenium.remote.RemoteWebDriver.findElementByXPath(RemoteWebDriver.java:473)
at org.openqa.selenium.By$ByXPath.findElement(By.java:361)
at org.openqa.selenium.remote.RemoteWebDriver.findElement(RemoteWebDriver.java:363)
at org.openqa.selenium.support.pagefactory.DefaultElementLocator.findElement(DefaultElementLocator.java:69)
at org.openqa.selenium.support.pagefactory.internal.LocatingElementHandler.invoke(LocatingElementHandler.java:38)
at com.sun.proxy.$Proxy13.getText(Unknown Source)
at com.test.pages.SignUpPage.cardnumberincorrectverify(SignUpPage.java:306)
at com.test.testcase.SignUpTestcase.cardnumberincorrectverify(SignUpTestcase.java:1767)
... Removed 29 stack frames]]>
    </failure>
  </testcase> <!-- cardnumberincorrectverify -->
  <testcase name="invalidcardnumber" time="0.0" classname="com.test.testcase.SignUpTestcase">
    <ignored/>
  </testcase> <!-- invalidcardnumber -->
  <testcase name="withoutcredentialclickonsignupnext" time="0.0" classname="com.test.testcase.SignUpTestcase">
    <ignored/>
  </testcase> <!-- withoutcredentialclickonsignupnext -->
  <testcase name="cityblank" time="0.0" classname="com.test.testcase.SignUpTestcase">
    <ignored/>
  </testcase> <!-- cityblank -->
  <testcase name="withoutcredentialclickonclientifonext" time="0.0" classname="com.test.testcase.SignUpTestcase">
    <ignored/>
  </testcase> <!-- withoutcredentialclickonclientifonext -->
  <testcase name="cvvcodeblank" time="0.0" classname="com.test.testcase.SignUpTestcase">
    <ignored/>
  </testcase> <!-- cvvcodeblank -->
  <testcase name="existmailid" time="0.0" classname="com.test.testcase.SignUpTestcase">
    <ignored/>
  </testcase> <!-- existmailid -->
  <testcase name="couponcodeblank" time="0.0" classname="com.test.testcase.SignUpTestcase">
    <ignored/>
  </testcase> <!-- couponcodeblank -->
  <testcase name="stateblank" time="0.0" classname="com.test.testcase.SignUpTestcase">
    <ignored/>
  </testcase> <!-- stateblank -->
  <testcase name="@BeforeSuite beforeSuite" time="0.0" classname="com.test.base.TestBase">
    <ignored/>
  </testcase> <!-- @BeforeSuite beforeSuite -->
  <testcase name="@BeforeSuite beforeSuite" time="0.0" classname="com.test.base.TestBase">
    <ignored/>
  </testcase> <!-- @BeforeSuite beforeSuite -->
  <testcase name="passwordformatevalidationwithspecialchar" time="0.0" classname="com.test.testcase.SignUpTestcase">
    <ignored/>
  </testcase> <!-- passwordformatevalidationwithspecialchar -->
  <testcase name="@AfterTest tearDown" time="0.0" classname="com.test.base.TestBase">
    <ignored/>
  </testcase> <!-- @AfterTest tearDown -->
  <testcase name="@AfterTest tearDown" time="0.0" classname="com.test.base.TestBase">
    <ignored/>
  </testcase> <!-- @AfterTest tearDown -->
  <testcase name="cardyearblank" time="0.0" classname="com.test.testcase.SignUpTestcase">
    <ignored/>
  </testcase> <!-- cardyearblank -->
  <testcase name="invaidcvvcode" time="0.0" classname="com.test.testcase.SignUpTestcase">
    <ignored/>
  </testcase> <!-- invaidcvvcode -->
  <testcase name="mailidblank" time="0.0" classname="com.test.testcase.SignUpTestcase">
    <ignored/>
  </testcase> <!-- mailidblank -->
  <testcase name="passwordformatecalidation" time="0.0" classname="com.test.testcase.SignUpTestcase">
    <ignored/>
  </testcase> <!-- passwordformatecalidation -->
  <testcase name="coupancodeapplysucessfull" time="0.0" classname="com.test.testcase.SignUpTestcase">
    <ignored/>
  </testcase> <!-- coupancodeapplysucessfull -->
  <testcase name="cardnumberblank" time="0.0" classname="com.test.testcase.SignUpTestcase">
    <ignored/>
  </testcase> <!-- cardnumberblank -->
  <testcase name="lastnameblank" time="0.0" classname="com.test.testcase.SignUpTestcase">
    <ignored/>
  </testcase> <!-- lastnameblank -->
  <testcase name="zipcodeblankformate" time="0.0" classname="com.test.testcase.SignUpTestcase">
    <ignored/>
  </testcase> <!-- zipcodeblankformate -->
  <testcase name="@BeforeTest setUp" time="0.0" classname="com.test.base.TestBase">
    <ignored/>
  </testcase> <!-- @BeforeTest setUp -->
  <testcase name="@BeforeTest setUp" time="0.0" classname="com.test.base.TestBase">
    <ignored/>
  </testcase> <!-- @BeforeTest setUp -->
  <testcase name="phonenumberblank" time="0.0" classname="com.test.testcase.SignUpTestcase">
    <ignored/>
  </testcase> <!-- phonenumberblank -->
  <testcase name="expirycard" time="0.0" classname="com.test.testcase.SignUpTestcase">
    <ignored/>
  </testcase> <!-- expirycard -->
  <testcase name="cardmonthblank" time="0.0" classname="com.test.testcase.SignUpTestcase">
    <ignored/>
  </testcase> <!-- cardmonthblank -->
  <testcase name="clickonforgotpassword" time="0.0" classname="com.test.testcase.HomeTestcase">
    <ignored/>
  </testcase> <!-- clickonforgotpassword -->
  <testcase name="withoutchecktermsofuse" time="0.0" classname="com.test.testcase.SignUpTestcase">
    <ignored/>
  </testcase> <!-- withoutchecktermsofuse -->
  <testcase name="zipcodeblank" time="0.0" classname="com.test.testcase.SignUpTestcase">
    <ignored/>
  </testcase> <!-- zipcodeblank -->
  <testcase name="firstnameblank" time="0.0" classname="com.test.testcase.SignUpTestcase">
    <ignored/>
  </testcase> <!-- firstnameblank -->
  <testcase name="invalidcouponcode" time="0.0" classname="com.test.testcase.SignUpTestcase">
    <ignored/>
  </testcase> <!-- invalidcouponcode -->
  <testcase name="invalidmailid" time="0.0" classname="com.test.testcase.SignUpTestcase">
    <ignored/>
  </testcase> <!-- invalidmailid -->
  <testcase name="phonenumberformate" time="0.0" classname="com.test.testcase.SignUpTestcase">
    <ignored/>
  </testcase> <!-- phonenumberformate -->
  <testcase name="countryblank" time="0.0" classname="com.test.testcase.SignUpTestcase">
    <ignored/>
  </testcase> <!-- countryblank -->
  <testcase name="passwordblank" time="0.0" classname="com.test.testcase.SignUpTestcase">
    <ignored/>
  </testcase> <!-- passwordblank -->
  <testcase name="cardholdernameblank" time="0.0" classname="com.test.testcase.SignUpTestcase">
    <ignored/>
  </testcase> <!-- cardholdernameblank -->
  <testcase name="passwordandconfirmpasswordmissmatch" time="0.0" classname="com.test.testcase.SignUpTestcase">
    <ignored/>
  </testcase> <!-- passwordandconfirmpasswordmissmatch -->
  <testcase name="withoutcredentialclickonpaymentdeailnext" time="0.0" classname="com.test.testcase.SignUpTestcase">
    <ignored/>
  </testcase> <!-- withoutcredentialclickonpaymentdeailnext -->
  <testcase name="billingadressblank" time="0.0" classname="com.test.testcase.SignUpTestcase">
    <ignored/>
  </testcase> <!-- billingadressblank -->
  <testcase name="confirmpasswordblank" time="0.0" classname="com.test.testcase.SignUpTestcase">
    <ignored/>
  </testcase> <!-- confirmpasswordblank -->
</testsuite> <!-- Test -->
