<?xml version="1.0" encoding="UTF-8"?>
<!-- Generated by org.testng.reporters.JUnitXMLReporter -->
<testsuite hostname="Meet" ignored="3" name="FirefoxTest" tests="5" failures="2" timestamp="04 Sep 2018 11:03:42 GMT" time="69.174" errors="0">
  <testcase name="clickonforgotpassword" time="0.323" classname="com.test.testcase.HomeTestcase"/>
  <testcase name="mailidblank" time="1.377" classname="com.test.testcase.ForgotPasswordTestcase"/>
  <testcase name="invalidmailadress" time="10.218" classname="com.test.testcase.ForgotPasswordTestcase"/>
  <testcase name="doesnotexistmailadress" time="11.207" classname="com.test.testcase.ForgotPasswordTestcase">
    <failure type="java.lang.AssertionError" message="expected [Email doesn&amp;apos;t exists.] but found [Invalid Email Address.]">
      <![CDATA[java.lang.AssertionError: expected [Email doesn't exists.] but found [Invalid Email Address.]
at com.test.testcase.ForgotPasswordTestcase.doesnotexistmailadress(ForgotPasswordTestcase.java:46)
at java.util.concurrent.FutureTask.run(FutureTask.java:266)
at java.util.concurrent.ThreadPoolExecutor.runWorker(ThreadPoolExecutor.java:1142)
at java.util.concurrent.ThreadPoolExecutor$Worker.run(ThreadPoolExecutor.java:617)
at java.lang.Thread.run(Thread.java:745)
... Removed 22 stack frames]]>
    </failure>
  </testcase> <!-- doesnotexistmailadress -->
  <testcase name="validemailadress" time="10.785" classname="com.test.testcase.ForgotPasswordTestcase">
    <failure type="java.lang.AssertionError" message="expected [Email sent to user.] but found [Invalid Email Address.]">
      <![CDATA[java.lang.AssertionError: expected [Email sent to user.] but found [Invalid Email Address.]
at com.test.testcase.ForgotPasswordTestcase.validemailadress(ForgotPasswordTestcase.java:60)
at java.util.concurrent.FutureTask.run(FutureTask.java:266)
at java.util.concurrent.ThreadPoolExecutor.runWorker(ThreadPoolExecutor.java:1142)
at java.util.concurrent.ThreadPoolExecutor$Worker.run(ThreadPoolExecutor.java:617)
at java.lang.Thread.run(Thread.java:745)
... Removed 22 stack frames]]>
    </failure>
  </testcase> <!-- validemailadress -->
  <testcase name="clickonsignup" time="0.0" classname="com.test.testcase.HomeTestcase">
    <ignored/>
  </testcase> <!-- clickonsignup -->
  <testcase name="@AfterTest tearDown" time="0.0" classname="com.test.base.TestBase">
    <ignored/>
  </testcase> <!-- @AfterTest tearDown -->
  <testcase name="@BeforeTest setUp" time="0.0" classname="com.test.base.TestBase">
    <ignored/>
  </testcase> <!-- @BeforeTest setUp -->
</testsuite> <!-- FirefoxTest -->
