<!DOCTYPE html>

<html>
  <head>
  <title>TestNG reports</title>

    <link type="text/css" href="testng-reports.css" rel="stylesheet" />  
    <script type="text/javascript" src="jquery-1.7.1.min.js"></script>
    <script type="text/javascript" src="testng-reports.js"></script>
    <script type="text/javascript" src="https://www.google.com/jsapi"></script>
    <script type='text/javascript'>
      google.load('visualization', '1', {packages:['table']});
      google.setOnLoadCallback(drawTable);
      var suiteTableInitFunctions = new Array();
      var suiteTableData = new Array();
    </script>
    <!--
      <script type="text/javascript" src="jquery-ui/js/jquery-ui-1.8.16.custom.min.js"></script>
     -->
  </head>

  <body>
    <div class="top-banner-root">
      <span class="top-banner-title-font">Test results</span>
      <br/>
      <span class="top-banner-font-1">1 suite, 5 failed tests</span>
    </div> <!-- top-banner-root -->
    <div class="navigator-root">
      <div class="navigator-suite-header">
        <span>All suites</span>
        <a href="#" class="collapse-all-link" title="Collapse/expand all the suites">
          <img class="collapse-all-icon" src="collapseall.gif">
          </img> <!-- collapse-all-icon -->
        </a> <!-- collapse-all-link -->
      </div> <!-- navigator-suite-header -->
      <div class="suite">
        <div class="rounded-window">
          <div class="suite-header light-rounded-window-top">
            <a href="#" class="navigator-link" panel-name="suite-Main_Suite">
              <span class="suite-name border-failed">Main Suite</span>
            </a> <!-- navigator-link -->
          </div> <!-- suite-header light-rounded-window-top -->
          <div class="navigator-suite-content">
            <div class="suite-section-title">
              <span>Info</span>
            </div> <!-- suite-section-title -->
            <div class="suite-section-content">
              <ul>
                <li>
                  <a href="#" class="navigator-link " panel-name="test-xml-Main_Suite">
                    <span>C:\Users\Hiren Gajera\eclipse-workspace\SiteWon1\testng.xml</span>
                  </a> <!-- navigator-link  -->
                </li>
                <li>
                  <a href="#" class="navigator-link " panel-name="testlist-Main_Suite">
                    <span class="test-stats">2 tests</span>
                  </a> <!-- navigator-link  -->
                </li>
                <li>
                  <a href="#" class="navigator-link " panel-name="group-Main_Suite">
                    <span>0 groups</span>
                  </a> <!-- navigator-link  -->
                </li>
                <li>
                  <a href="#" class="navigator-link " panel-name="times-Main_Suite">
                    <span>Times</span>
                  </a> <!-- navigator-link  -->
                </li>
                <li>
                  <a href="#" class="navigator-link " panel-name="reporter-Main_Suite">
                    <span>Reporter output</span>
                  </a> <!-- navigator-link  -->
                </li>
                <li>
                  <a href="#" class="navigator-link " panel-name="ignored-methods-Main_Suite">
                    <span>Ignored methods</span>
                  </a> <!-- navigator-link  -->
                </li>
                <li>
                  <a href="#" class="navigator-link " panel-name="chronological-Main_Suite">
                    <span>Chronological view</span>
                  </a> <!-- navigator-link  -->
                </li>
              </ul>
            </div> <!-- suite-section-content -->
            <div class="result-section">
              <div class="suite-section-title">
                <span>Results</span>
              </div> <!-- suite-section-title -->
              <div class="suite-section-content">
                <ul>
                  <li>
                    <span class="method-stats">10 methods, 5 failed,   5 passed</span>
                  </li>
                  <li>
                    <span class="method-list-title failed">Failed methods</span>
                    <span class="show-or-hide-methods failed">
                      <a href="#" panel-name="suite-Main_Suite" class="hide-methods failed suite-Main_Suite"> (hide)</a> <!-- hide-methods failed suite-Main_Suite -->
                      <a href="#" panel-name="suite-Main_Suite" class="show-methods failed suite-Main_Suite"> (show)</a> <!-- show-methods failed suite-Main_Suite -->
                    </span>
                    <div class="method-list-content failed suite-Main_Suite">
                      <span>
                        <img width="3%" src="failed.png"/>
                        <a href="#" class="method navigator-link" panel-name="suite-Main_Suite" title="com.test.testcase.ForgotPasswordTestcase" hash-for-method="doesnotexistmailadress">doesnotexistmailadress</a> <!-- method navigator-link -->
                      </span>
                      <br/>
                      <span>
                        <img width="3%" src="failed.png"/>
                        <a href="#" class="method navigator-link" panel-name="suite-Main_Suite" title="com.test.testcase.ForgotPasswordTestcase" hash-for-method="invalidmailadress">invalidmailadress</a> <!-- method navigator-link -->
                      </span>
                      <br/>
                      <span>
                        <img width="3%" src="failed.png"/>
                        <a href="#" class="method navigator-link" panel-name="suite-Main_Suite" title="com.test.testcase.ForgotPasswordTestcase" hash-for-method="invalidmailadress">invalidmailadress</a> <!-- method navigator-link -->
                      </span>
                      <br/>
                      <span>
                        <img width="3%" src="failed.png"/>
                        <a href="#" class="method navigator-link" panel-name="suite-Main_Suite" title="com.test.testcase.ForgotPasswordTestcase" hash-for-method="mailidblank">mailidblank</a> <!-- method navigator-link -->
                      </span>
                      <br/>
                      <span>
                        <img width="3%" src="failed.png"/>
                        <a href="#" class="method navigator-link" panel-name="suite-Main_Suite" title="com.test.testcase.ForgotPasswordTestcase" hash-for-method="validemailadress">validemailadress</a> <!-- method navigator-link -->
                      </span>
                      <br/>
                    </div> <!-- method-list-content failed suite-Main_Suite -->
                  </li>
                  <li>
                    <span class="method-list-title passed">Passed methods</span>
                    <span class="show-or-hide-methods passed">
                      <a href="#" panel-name="suite-Main_Suite" class="hide-methods passed suite-Main_Suite"> (hide)</a> <!-- hide-methods passed suite-Main_Suite -->
                      <a href="#" panel-name="suite-Main_Suite" class="show-methods passed suite-Main_Suite"> (show)</a> <!-- show-methods passed suite-Main_Suite -->
                    </span>
                    <div class="method-list-content passed suite-Main_Suite">
                      <span>
                        <img width="3%" src="passed.png"/>
                        <a href="#" class="method navigator-link" panel-name="suite-Main_Suite" title="com.test.testcase.HomeTestcase" hash-for-method="clickonforgotpassword">clickonforgotpassword</a> <!-- method navigator-link -->
                      </span>
                      <br/>
                      <span>
                        <img width="3%" src="passed.png"/>
                        <a href="#" class="method navigator-link" panel-name="suite-Main_Suite" title="com.test.testcase.HomeTestcase" hash-for-method="clickonforgotpassword">clickonforgotpassword</a> <!-- method navigator-link -->
                      </span>
                      <br/>
                      <span>
                        <img width="3%" src="passed.png"/>
                        <a href="#" class="method navigator-link" panel-name="suite-Main_Suite" title="com.test.testcase.ForgotPasswordTestcase" hash-for-method="doesnotexistmailadress">doesnotexistmailadress</a> <!-- method navigator-link -->
                      </span>
                      <br/>
                      <span>
                        <img width="3%" src="passed.png"/>
                        <a href="#" class="method navigator-link" panel-name="suite-Main_Suite" title="com.test.testcase.ForgotPasswordTestcase" hash-for-method="mailidblank">mailidblank</a> <!-- method navigator-link -->
                      </span>
                      <br/>
                      <span>
                        <img width="3%" src="passed.png"/>
                        <a href="#" class="method navigator-link" panel-name="suite-Main_Suite" title="com.test.testcase.ForgotPasswordTestcase" hash-for-method="validemailadress">validemailadress</a> <!-- method navigator-link -->
                      </span>
                      <br/>
                    </div> <!-- method-list-content passed suite-Main_Suite -->
                  </li>
                </ul>
              </div> <!-- suite-section-content -->
            </div> <!-- result-section -->
          </div> <!-- navigator-suite-content -->
        </div> <!-- rounded-window -->
      </div> <!-- suite -->
    </div> <!-- navigator-root -->
    <div class="wrapper">
      <div class="main-panel-root">
        <div panel-name="suite-Main_Suite" class="panel Main_Suite">
          <div class="suite-Main_Suite-class-failed">
            <div class="main-panel-header rounded-window-top">
              <img src="failed.png"/>
              <span class="class-name">com.test.testcase.ForgotPasswordTestcase</span>
            </div> <!-- main-panel-header rounded-window-top -->
            <div class="main-panel-content rounded-window-bottom">
              <div class="method">
                <div class="method-content">
                  <a name="doesnotexistmailadress">
                  </a> <!-- doesnotexistmailadress -->
                  <span class="method-name">doesnotexistmailadress</span>
                  <div class="stack-trace">java.lang.AssertionError: expected [Email doesn&apos;t exists.] but found [Invalid Email Address.]
	at com.test.testcase.ForgotPasswordTestcase.doesnotexistmailadress(ForgotPasswordTestcase.java:46)
	at java.util.concurrent.FutureTask.run(FutureTask.java:266)
	at java.util.concurrent.ThreadPoolExecutor.runWorker(ThreadPoolExecutor.java:1142)
	at java.util.concurrent.ThreadPoolExecutor$Worker.run(ThreadPoolExecutor.java:617)
	at java.lang.Thread.run(Thread.java:745)
... Removed 21 stack frames
</div> <!-- stack-trace -->
                </div> <!-- method-content -->
              </div> <!-- method -->
              <div class="method">
                <div class="method-content">
                  <a name="invalidmailadress">
                  </a> <!-- invalidmailadress -->
                  <span class="method-name">invalidmailadress</span>
                  <div class="stack-trace">org.openqa.selenium.NoSuchElementException: Unable to locate element: //*[@tabindex=&apos;1&apos;]
For documentation on this error, please visit: http://seleniumhq.org/exceptions/no_such_element.html
Build info: version: &apos;3.8.1&apos;, revision: &apos;6e95a6684b&apos;, time: &apos;2017-12-01T18:33:54.468Z&apos;
System info: host: &apos;MEET&apos;, ip: &apos;192.168.0.108&apos;, os.name: &apos;Windows 8.1&apos;, os.arch: &apos;amd64&apos;, os.version: &apos;6.3&apos;, java.version: &apos;1.8.0_60&apos;
Driver info: org.openqa.selenium.firefox.FirefoxDriver
Capabilities {acceptInsecureCerts: true, browserName: firefox, browserVersion: 56.0, javascriptEnabled: true, moz:accessibilityChecks: false, moz:headless: false, moz:processID: 4104, moz:profile: C:\Users\Hiren Gajera\AppDa..., pageLoadStrategy: normal, platform: XP, platformName: XP, platformVersion: 6.3, rotatable: false, specificationLevel: 0, timeouts: {implicit: 0, pageLoad: 300000, script: 30000}}
Session ID: ebe6883c-259e-423e-b25f-712b6ee27e89
*** Element info: {Using=xpath, value=//*[@tabindex=&apos;1&apos;]}
	at org.openqa.selenium.remote.http.W3CHttpResponseCodec.createException(W3CHttpResponseCodec.java:187)
	at org.openqa.selenium.remote.http.W3CHttpResponseCodec.decode(W3CHttpResponseCodec.java:122)
	at org.openqa.selenium.remote.http.W3CHttpResponseCodec.decode(W3CHttpResponseCodec.java:49)
	at org.openqa.selenium.remote.HttpCommandExecutor.execute(HttpCommandExecutor.java:164)
	at org.openqa.selenium.remote.service.DriverCommandExecutor.execute(DriverCommandExecutor.java:83)
	at org.openqa.selenium.remote.RemoteWebDriver.execute(RemoteWebDriver.java:601)
	at org.openqa.selenium.remote.RemoteWebDriver.findElement(RemoteWebDriver.java:371)
	at org.openqa.selenium.remote.RemoteWebDriver.findElementByXPath(RemoteWebDriver.java:473)
	at org.openqa.selenium.By$ByXPath.findElement(By.java:361)
	at org.openqa.selenium.remote.RemoteWebDriver.findElement(RemoteWebDriver.java:363)
	at org.openqa.selenium.support.pagefactory.DefaultElementLocator.findElement(DefaultElementLocator.java:69)
	at org.openqa.selenium.support.pagefactory.internal.LocatingElementHandler.invoke(LocatingElementHandler.java:38)
	at com.sun.proxy.$Proxy11.clear(Unknown Source)
	at com.test.pages.ForgotPasswordPage.clearemailadress(ForgotPasswordPage.java:31)
	at com.test.testcase.ForgotPasswordTestcase.invalidmailadress(ForgotPasswordTestcase.java:26)
	at java.util.concurrent.FutureTask.run(FutureTask.java:266)
	at java.util.concurrent.ThreadPoolExecutor.runWorker(ThreadPoolExecutor.java:1142)
	at java.util.concurrent.ThreadPoolExecutor$Worker.run(ThreadPoolExecutor.java:617)
	at java.lang.Thread.run(Thread.java:745)
... Removed 20 stack frames
</div> <!-- stack-trace -->
                </div> <!-- method-content -->
              </div> <!-- method -->
              <div class="method">
                <div class="method-content">
                  <a name="invalidmailadress">
                  </a> <!-- invalidmailadress -->
                  <span class="method-name">invalidmailadress</span>
                  <div class="stack-trace">org.openqa.selenium.NoSuchElementException: Unable to locate element: //*[contains(text(),&apos;Invalid&apos;)]
For documentation on this error, please visit: http://seleniumhq.org/exceptions/no_such_element.html
Build info: version: &apos;3.8.1&apos;, revision: &apos;6e95a6684b&apos;, time: &apos;2017-12-01T18:33:54.468Z&apos;
System info: host: &apos;MEET&apos;, ip: &apos;192.168.0.108&apos;, os.name: &apos;Windows 8.1&apos;, os.arch: &apos;amd64&apos;, os.version: &apos;6.3&apos;, java.version: &apos;1.8.0_60&apos;
Driver info: org.openqa.selenium.firefox.FirefoxDriver
Capabilities {acceptInsecureCerts: true, browserName: firefox, browserVersion: 56.0, javascriptEnabled: true, moz:accessibilityChecks: false, moz:headless: false, moz:processID: 4104, moz:profile: C:\Users\Hiren Gajera\AppDa..., pageLoadStrategy: normal, platform: XP, platformName: XP, platformVersion: 6.3, rotatable: false, specificationLevel: 0, timeouts: {implicit: 0, pageLoad: 300000, script: 30000}}
Session ID: ebe6883c-259e-423e-b25f-712b6ee27e89
*** Element info: {Using=xpath, value=//*[contains(text(),&apos;Invalid&apos;)]}
	at org.openqa.selenium.remote.http.W3CHttpResponseCodec.createException(W3CHttpResponseCodec.java:187)
	at org.openqa.selenium.remote.http.W3CHttpResponseCodec.decode(W3CHttpResponseCodec.java:122)
	at org.openqa.selenium.remote.http.W3CHttpResponseCodec.decode(W3CHttpResponseCodec.java:49)
	at org.openqa.selenium.remote.HttpCommandExecutor.execute(HttpCommandExecutor.java:164)
	at org.openqa.selenium.remote.service.DriverCommandExecutor.execute(DriverCommandExecutor.java:83)
	at org.openqa.selenium.remote.RemoteWebDriver.execute(RemoteWebDriver.java:601)
	at org.openqa.selenium.remote.RemoteWebDriver.findElement(RemoteWebDriver.java:371)
	at org.openqa.selenium.remote.RemoteWebDriver.findElementByXPath(RemoteWebDriver.java:473)
	at org.openqa.selenium.By$ByXPath.findElement(By.java:361)
	at org.openqa.selenium.remote.RemoteWebDriver.findElement(RemoteWebDriver.java:363)
	at org.openqa.selenium.support.pagefactory.DefaultElementLocator.findElement(DefaultElementLocator.java:69)
	at org.openqa.selenium.support.pagefactory.internal.LocatingElementHandler.invoke(LocatingElementHandler.java:38)
	at com.sun.proxy.$Proxy11.getText(Unknown Source)
	at com.test.pages.ForgotPasswordPage.invalidemailvalidationverify(ForgotPasswordPage.java:47)
	at com.test.testcase.ForgotPasswordTestcase.invalidmailadress(ForgotPasswordTestcase.java:32)
	at java.util.concurrent.FutureTask.run(FutureTask.java:266)
	at java.util.concurrent.ThreadPoolExecutor.runWorker(ThreadPoolExecutor.java:1142)
	at java.util.concurrent.ThreadPoolExecutor$Worker.run(ThreadPoolExecutor.java:617)
	at java.lang.Thread.run(Thread.java:745)
... Removed 20 stack frames
</div> <!-- stack-trace -->
                </div> <!-- method-content -->
              </div> <!-- method -->
              <div class="method">
                <div class="method-content">
                  <a name="mailidblank">
                  </a> <!-- mailidblank -->
                  <span class="method-name">mailidblank</span>
                  <div class="stack-trace">org.openqa.selenium.StaleElementReferenceException: The element reference of &lt;div&gt; stale: either the element is no longer attached to the DOM or the page has been refreshed
For documentation on this error, please visit: http://seleniumhq.org/exceptions/stale_element_reference.html
Build info: version: &apos;3.8.1&apos;, revision: &apos;6e95a6684b&apos;, time: &apos;2017-12-01T18:33:54.468Z&apos;
System info: host: &apos;MEET&apos;, ip: &apos;192.168.0.108&apos;, os.name: &apos;Windows 8.1&apos;, os.arch: &apos;amd64&apos;, os.version: &apos;6.3&apos;, java.version: &apos;1.8.0_60&apos;
Driver info: org.openqa.selenium.firefox.FirefoxDriver
Capabilities {acceptInsecureCerts: true, browserName: firefox, browserVersion: 56.0, javascriptEnabled: true, moz:accessibilityChecks: false, moz:headless: false, moz:processID: 4104, moz:profile: C:\Users\Hiren Gajera\AppDa..., pageLoadStrategy: normal, platform: XP, platformName: XP, platformVersion: 6.3, rotatable: false, specificationLevel: 0, timeouts: {implicit: 0, pageLoad: 300000, script: 30000}}
Session ID: ebe6883c-259e-423e-b25f-712b6ee27e89
	at org.openqa.selenium.remote.http.W3CHttpResponseCodec.createException(W3CHttpResponseCodec.java:187)
	at org.openqa.selenium.remote.http.W3CHttpResponseCodec.decode(W3CHttpResponseCodec.java:122)
	at org.openqa.selenium.remote.http.W3CHttpResponseCodec.decode(W3CHttpResponseCodec.java:49)
	at org.openqa.selenium.remote.HttpCommandExecutor.execute(HttpCommandExecutor.java:164)
	at org.openqa.selenium.remote.service.DriverCommandExecutor.execute(DriverCommandExecutor.java:83)
	at org.openqa.selenium.remote.RemoteWebDriver.execute(RemoteWebDriver.java:601)
	at org.openqa.selenium.remote.RemoteWebElement.execute(RemoteWebElement.java:279)
	at org.openqa.selenium.remote.RemoteWebElement.getText(RemoteWebElement.java:160)
	at org.openqa.selenium.support.pagefactory.internal.LocatingElementHandler.invoke(LocatingElementHandler.java:51)
	at com.sun.proxy.$Proxy11.getText(Unknown Source)
	at com.test.pages.ForgotPasswordPage.blankemailvalidationverify(ForgotPasswordPage.java:43)
	at com.test.testcase.ForgotPasswordTestcase.mailidblank(ForgotPasswordTestcase.java:18)
	at java.util.concurrent.FutureTask.run(FutureTask.java:266)
	at java.util.concurrent.ThreadPoolExecutor.runWorker(ThreadPoolExecutor.java:1142)
	at java.util.concurrent.ThreadPoolExecutor$Worker.run(ThreadPoolExecutor.java:617)
	at java.lang.Thread.run(Thread.java:745)
... Removed 24 stack frames
</div> <!-- stack-trace -->
                </div> <!-- method-content -->
              </div> <!-- method -->
              <div class="method">
                <div class="method-content">
                  <a name="validemailadress">
                  </a> <!-- validemailadress -->
                  <span class="method-name">validemailadress</span>
                  <div class="stack-trace">java.lang.AssertionError: expected [Email sent to user.] but found [Invalid Email Address.]
	at com.test.testcase.ForgotPasswordTestcase.validemailadress(ForgotPasswordTestcase.java:60)
	at java.util.concurrent.FutureTask.run(FutureTask.java:266)
	at java.util.concurrent.ThreadPoolExecutor.runWorker(ThreadPoolExecutor.java:1142)
	at java.util.concurrent.ThreadPoolExecutor$Worker.run(ThreadPoolExecutor.java:617)
	at java.lang.Thread.run(Thread.java:745)
... Removed 21 stack frames
</div> <!-- stack-trace -->
                </div> <!-- method-content -->
              </div> <!-- method -->
            </div> <!-- main-panel-content rounded-window-bottom -->
          </div> <!-- suite-Main_Suite-class-failed -->
          <div class="suite-Main_Suite-class-passed">
            <div class="main-panel-header rounded-window-top">
              <img src="passed.png"/>
              <span class="class-name">com.test.testcase.HomeTestcase</span>
            </div> <!-- main-panel-header rounded-window-top -->
            <div class="main-panel-content rounded-window-bottom">
              <div class="method">
                <div class="method-content">
                  <a name="clickonforgotpassword">
                  </a> <!-- clickonforgotpassword -->
                  <span class="method-name">clickonforgotpassword</span>
                </div> <!-- method-content -->
              </div> <!-- method -->
              <div class="method">
                <div class="method-content">
                  <a name="clickonforgotpassword">
                  </a> <!-- clickonforgotpassword -->
                  <span class="method-name">clickonforgotpassword</span>
                </div> <!-- method-content -->
              </div> <!-- method -->
            </div> <!-- main-panel-content rounded-window-bottom -->
          </div> <!-- suite-Main_Suite-class-passed -->
          <div class="suite-Main_Suite-class-passed">
            <div class="main-panel-header rounded-window-top">
              <img src="passed.png"/>
              <span class="class-name">com.test.testcase.ForgotPasswordTestcase</span>
            </div> <!-- main-panel-header rounded-window-top -->
            <div class="main-panel-content rounded-window-bottom">
              <div class="method">
                <div class="method-content">
                  <a name="doesnotexistmailadress">
                  </a> <!-- doesnotexistmailadress -->
                  <span class="method-name">doesnotexistmailadress</span>
                </div> <!-- method-content -->
              </div> <!-- method -->
              <div class="method">
                <div class="method-content">
                  <a name="mailidblank">
                  </a> <!-- mailidblank -->
                  <span class="method-name">mailidblank</span>
                </div> <!-- method-content -->
              </div> <!-- method -->
              <div class="method">
                <div class="method-content">
                  <a name="validemailadress">
                  </a> <!-- validemailadress -->
                  <span class="method-name">validemailadress</span>
                </div> <!-- method-content -->
              </div> <!-- method -->
            </div> <!-- main-panel-content rounded-window-bottom -->
          </div> <!-- suite-Main_Suite-class-passed -->
        </div> <!-- panel Main_Suite -->
        <div panel-name="test-xml-Main_Suite" class="panel">
          <div class="main-panel-header rounded-window-top">
            <span class="header-content">C:\Users\Hiren Gajera\eclipse-workspace\SiteWon1\testng.xml</span>
          </div> <!-- main-panel-header rounded-window-top -->
          <div class="main-panel-content rounded-window-bottom">
            <pre>
&lt;?xml version=&quot;1.0&quot; encoding=&quot;UTF-8&quot;?&gt;
&lt;!DOCTYPE suite SYSTEM &quot;http://testng.org/testng-1.0.dtd&quot;&gt;
&lt;suite thread-count=&quot;2&quot; guice-stage=&quot;DEVELOPMENT&quot; verbose=&quot;0&quot; name=&quot;Main Suite&quot; parallel=&quot;tests&quot;&gt;
  &lt;test name=&quot;FirefoxTest&quot;&gt;
    &lt;parameter name=&quot;test&quot; value=&quot;Firefox Browser&quot;/&gt;
    &lt;parameter name=&quot;browser&quot; value=&quot;Firefox&quot;/&gt;
    &lt;classes&gt;
      &lt;class name=&quot;com.test.testcase.HomeTestcase&quot;&gt;
        &lt;methods&gt;
          &lt;include name=&quot;clickonforgotpassword&quot;/&gt;
          &lt;exclude name=&quot;clickonsignup&quot;/&gt;
        &lt;/methods&gt;
      &lt;/class&gt; &lt;!-- com.test.testcase.HomeTestcase --&gt;
      &lt;class name=&quot;com.test.testcase.ForgotPasswordTestcase&quot;&gt;
        &lt;methods&gt;
          &lt;include name=&quot;mailidblank&quot;/&gt;
          &lt;include name=&quot;invalidmailadress&quot;/&gt;
          &lt;include name=&quot;doesnotexistmailadress&quot;/&gt;
          &lt;include name=&quot;validemailadress&quot;/&gt;
        &lt;/methods&gt;
      &lt;/class&gt; &lt;!-- com.test.testcase.ForgotPasswordTestcase --&gt;
    &lt;/classes&gt;
  &lt;/test&gt; &lt;!-- FirefoxTest --&gt;
  &lt;test name=&quot;Test&quot;&gt;
    &lt;parameter name=&quot;test&quot; value=&quot;Chrome Browser&quot;/&gt;
    &lt;parameter name=&quot;browser&quot; value=&quot;Chrome&quot;/&gt;
    &lt;classes&gt;
      &lt;class name=&quot;com.test.testcase.HomeTestcase&quot;&gt;
        &lt;methods&gt;
          &lt;include name=&quot;clickonforgotpassword&quot;/&gt;
          &lt;exclude name=&quot;clickonsignup&quot;/&gt;
        &lt;/methods&gt;
      &lt;/class&gt; &lt;!-- com.test.testcase.HomeTestcase --&gt;
      &lt;class name=&quot;com.test.testcase.ForgotPasswordTestcase&quot;&gt;
        &lt;methods&gt;
          &lt;include name=&quot;mailidblank&quot;/&gt;
          &lt;include name=&quot;invalidmailadress&quot;/&gt;
          &lt;include name=&quot;doesnotexistmailadress&quot;/&gt;
          &lt;include name=&quot;validemailadress&quot;/&gt;
        &lt;/methods&gt;
      &lt;/class&gt; &lt;!-- com.test.testcase.ForgotPasswordTestcase --&gt;
    &lt;/classes&gt;
  &lt;/test&gt; &lt;!-- Test --&gt;
&lt;/suite&gt; &lt;!-- Main Suite --&gt;
            </pre>
          </div> <!-- main-panel-content rounded-window-bottom -->
        </div> <!-- panel -->
        <div panel-name="testlist-Main_Suite" class="panel">
          <div class="main-panel-header rounded-window-top">
            <span class="header-content">Tests for Main Suite</span>
          </div> <!-- main-panel-header rounded-window-top -->
          <div class="main-panel-content rounded-window-bottom">
            <ul>
              <li>
                <span class="test-name">FirefoxTest (2 classes)</span>
              </li>
              <li>
                <span class="test-name">Test (2 classes)</span>
              </li>
            </ul>
          </div> <!-- main-panel-content rounded-window-bottom -->
        </div> <!-- panel -->
        <div panel-name="group-Main_Suite" class="panel">
          <div class="main-panel-header rounded-window-top">
            <span class="header-content">Groups for Main Suite</span>
          </div> <!-- main-panel-header rounded-window-top -->
          <div class="main-panel-content rounded-window-bottom">
          </div> <!-- main-panel-content rounded-window-bottom -->
        </div> <!-- panel -->
        <div panel-name="times-Main_Suite" class="panel">
          <div class="main-panel-header rounded-window-top">
            <span class="header-content">Times for Main Suite</span>
          </div> <!-- main-panel-header rounded-window-top -->
          <div class="main-panel-content rounded-window-bottom">
            <div class="times-div">
              <script type="text/javascript">
suiteTableInitFunctions.push('tableData_Main_Suite');
function tableData_Main_Suite() {
var data = new google.visualization.DataTable();
data.addColumn('number', 'Number');
data.addColumn('string', 'Method');
data.addColumn('string', 'Class');
data.addColumn('number', 'Time (ms)');
data.addRows(10);
data.setCell(0, 0, 0)
data.setCell(0, 1, 'doesnotexistmailadress')
data.setCell(0, 2, 'com.test.testcase.ForgotPasswordTestcase')
data.setCell(0, 3, 61445);
data.setCell(1, 0, 1)
data.setCell(1, 1, 'invalidmailadress')
data.setCell(1, 2, 'com.test.testcase.ForgotPasswordTestcase')
data.setCell(1, 3, 61405);
data.setCell(2, 0, 2)
data.setCell(2, 1, 'doesnotexistmailadress')
data.setCell(2, 2, 'com.test.testcase.ForgotPasswordTestcase')
data.setCell(2, 3, 38449);
data.setCell(3, 0, 3)
data.setCell(3, 1, 'validemailadress')
data.setCell(3, 2, 'com.test.testcase.ForgotPasswordTestcase')
data.setCell(3, 3, 37953);
data.setCell(4, 0, 4)
data.setCell(4, 1, 'invalidmailadress')
data.setCell(4, 2, 'com.test.testcase.ForgotPasswordTestcase')
data.setCell(4, 3, 29321);
data.setCell(5, 0, 5)
data.setCell(5, 1, 'validemailadress')
data.setCell(5, 2, 'com.test.testcase.ForgotPasswordTestcase')
data.setCell(5, 3, 18393);
data.setCell(6, 0, 6)
data.setCell(6, 1, 'mailidblank')
data.setCell(6, 2, 'com.test.testcase.ForgotPasswordTestcase')
data.setCell(6, 3, 9921);
data.setCell(7, 0, 7)
data.setCell(7, 1, 'clickonforgotpassword')
data.setCell(7, 2, 'com.test.testcase.HomeTestcase')
data.setCell(7, 3, 1220);
data.setCell(8, 0, 8)
data.setCell(8, 1, 'mailidblank')
data.setCell(8, 2, 'com.test.testcase.ForgotPasswordTestcase')
data.setCell(8, 3, 843);
data.setCell(9, 0, 9)
data.setCell(9, 1, 'clickonforgotpassword')
data.setCell(9, 2, 'com.test.testcase.HomeTestcase')
data.setCell(9, 3, 270);
window.suiteTableData['Main_Suite']= { tableData: data, tableDiv: 'times-div-Main_Suite'}
return data;
}
              </script>
              <span class="suite-total-time">Total running time: 4 minutes</span>
              <div id="times-div-Main_Suite">
              </div> <!-- times-div-Main_Suite -->
            </div> <!-- times-div -->
          </div> <!-- main-panel-content rounded-window-bottom -->
        </div> <!-- panel -->
        <div panel-name="reporter-Main_Suite" class="panel">
          <div class="main-panel-header rounded-window-top">
            <span class="header-content">Reporter output for Main Suite</span>
          </div> <!-- main-panel-header rounded-window-top -->
          <div class="main-panel-content rounded-window-bottom">
          </div> <!-- main-panel-content rounded-window-bottom -->
        </div> <!-- panel -->
        <div panel-name="ignored-methods-Main_Suite" class="panel">
          <div class="main-panel-header rounded-window-top">
            <span class="header-content">6 ignored methods</span>
          </div> <!-- main-panel-header rounded-window-top -->
          <div class="main-panel-content rounded-window-bottom">
            <div class="ignored-class-div">
              <span class="ignored-class-name">com.test.testcase.HomeTestcase</span>
              <div class="ignored-methods-div">
                <span class="ignored-method-name">clickonsignup</span>
                <br/>
                <span class="ignored-method-name">clickonsignup</span>
                <br/>
              </div> <!-- ignored-methods-div -->
            </div> <!-- ignored-class-div -->
            <div class="ignored-class-div">
              <span class="ignored-class-name">com.test.testcase.ForgotPasswordTestcase</span>
              <div class="ignored-methods-div">
                <span class="ignored-method-name">tearDown</span>
                <br/>
                <span class="ignored-method-name">tearDown</span>
                <br/>
                <span class="ignored-method-name">setUp</span>
                <br/>
                <span class="ignored-method-name">setUp</span>
                <br/>
              </div> <!-- ignored-methods-div -->
            </div> <!-- ignored-class-div -->
          </div> <!-- main-panel-content rounded-window-bottom -->
        </div> <!-- panel -->
        <div panel-name="chronological-Main_Suite" class="panel">
          <div class="main-panel-header rounded-window-top">
            <span class="header-content">Methods in chronological order</span>
          </div> <!-- main-panel-header rounded-window-top -->
          <div class="main-panel-content rounded-window-bottom">
            <div class="chronological-class">
              <div class="chronological-class-name">com.test.testcase.HomeTestcase</div> <!-- chronological-class-name -->
              <div class="configuration-test before">
                <span class="method-name">setUp(Firefox, Firefox Browser)</span>
                <span class="method-start">0 ms</span>
              </div> <!-- configuration-test before -->
              <div class="configuration-test before">
                <span class="method-name">setUp(Chrome, Chrome Browser)</span>
                <span class="method-start">0 ms</span>
              </div> <!-- configuration-test before -->
              <div class="configuration-class before">
                <span class="method-name">beforeClass(org.testng.TestRunner@1a968a59)</span>
                <span class="method-start">34843 ms</span>
              </div> <!-- configuration-class before -->
              <div class="configuration-method before">
                <span class="method-name">beforeMethod(public void com.test.testcase.HomeTestcase.clickonforgotpassword() throws java.lang.InterruptedExcep...)</span>
                <span class="method-start">34891 ms</span>
              </div> <!-- configuration-method before -->
              <div class="test-method">
                <span class="method-name">clickonforgotpassword</span>
                <span class="method-start">34892 ms</span>
              </div> <!-- test-method -->
              <div class="configuration-method after">
                <span class="method-name">afterMethod([TestResult name=clickonforgotpassword status=SUCCESS method=HomeTestcase.clickonforgotpassword()[pr...)</span>
                <span class="method-start">35163 ms</span>
              </div> <!-- configuration-method after -->
              <div class="configuration-class before">
                <span class="method-name">beforeClass(org.testng.TestRunner@4667ae56)</span>
                <span class="method-start">37216 ms</span>
              </div> <!-- configuration-class before -->
              <div class="configuration-method before">
                <span class="method-name">beforeMethod(public void com.test.testcase.HomeTestcase.clickonforgotpassword() throws java.lang.InterruptedExcep...)</span>
                <span class="method-start">37221 ms</span>
              </div> <!-- configuration-method before -->
              <div class="test-method">
                <span class="method-name">clickonforgotpassword</span>
                <span class="method-start">37222 ms</span>
              </div> <!-- test-method -->
            </div> <!-- chronological-class -->
            <div class="chronological-class">
              <div class="chronological-class-name">com.test.testcase.ForgotPasswordTestcase</div> <!-- chronological-class-name -->
              <div class="configuration-class before">
                <span class="method-name">beforeClass(org.testng.TestRunner@1a968a59)</span>
                <span class="method-start">38415 ms</span>
              </div> <!-- configuration-class before -->
              <div class="configuration-method before">
                <span class="method-name">beforeMethod(public void com.test.testcase.ForgotPasswordTestcase.mailidblank() throws java.lang.InterruptedExcep...)</span>
                <span class="method-start">38419 ms</span>
              </div> <!-- configuration-method before -->
              <div class="test-method">
                <span class="method-name">mailidblank</span>
                <span class="method-start">38419 ms</span>
              </div> <!-- test-method -->
            </div> <!-- chronological-class -->
            <div class="chronological-class">
              <div class="chronological-class-name">com.test.testcase.HomeTestcase</div> <!-- chronological-class-name -->
              <div class="configuration-method after">
                <span class="method-name">afterMethod([TestResult name=clickonforgotpassword status=SUCCESS method=HomeTestcase.clickonforgotpassword()[pr...)</span>
                <span class="method-start">38443 ms</span>
              </div> <!-- configuration-method after -->
            </div> <!-- chronological-class -->
            <div class="chronological-class">
              <div class="chronological-class-name">com.test.testcase.ForgotPasswordTestcase</div> <!-- chronological-class-name -->
              <div class="configuration-class before">
                <span class="method-name">beforeClass(org.testng.TestRunner@4667ae56)</span>
                <span class="method-start">39238 ms</span>
              </div> <!-- configuration-class before -->
              <div class="configuration-method before">
                <span class="method-name">beforeMethod(public void com.test.testcase.ForgotPasswordTestcase.mailidblank() throws java.lang.InterruptedExcep...)</span>
                <span class="method-start">39242 ms</span>
              </div> <!-- configuration-method before -->
              <div class="test-method">
                <img src="failed.png">
                </img>
                <span class="method-name">mailidblank</span>
                <span class="method-start">39242 ms</span>
              </div> <!-- test-method -->
              <div class="configuration-method after">
                <span class="method-name">afterMethod([TestResult name=mailidblank status=SUCCESS method=ForgotPasswordTestcase.mailidblank()[pri:0, insta...)</span>
                <span class="method-start">39262 ms</span>
              </div> <!-- configuration-method after -->
              <div class="configuration-method before">
                <span class="method-name">beforeMethod(public void com.test.testcase.ForgotPasswordTestcase.invalidmailadress() throws java.lang.Interrupte...)</span>
                <span class="method-start">39814 ms</span>
              </div> <!-- configuration-method before -->
              <div class="test-method">
                <img src="failed.png">
                </img>
                <span class="method-name">invalidmailadress</span>
                <span class="method-start">39815 ms</span>
              </div> <!-- test-method -->
              <div class="configuration-method after">
                <span class="method-name">afterMethod([TestResult name=mailidblank status=FAILURE method=ForgotPasswordTestcase.mailidblank()[pri:0, insta...)</span>
                <span class="method-start">49205 ms</span>
              </div> <!-- configuration-method after -->
              <div class="configuration-method after">
                <span class="method-name">afterMethod([TestResult name=invalidmailadress status=FAILURE method=ForgotPasswordTestcase.invalidmailadress()[...)</span>
                <span class="method-start">69140 ms</span>
              </div> <!-- configuration-method after -->
              <div class="configuration-method before">
                <span class="method-name">beforeMethod(public void com.test.testcase.ForgotPasswordTestcase.invalidmailadress() throws java.lang.Interrupte...)</span>
                <span class="method-start">69798 ms</span>
              </div> <!-- configuration-method before -->
              <div class="test-method">
                <img src="failed.png">
                </img>
                <span class="method-name">invalidmailadress</span>
                <span class="method-start">69799 ms</span>
              </div> <!-- test-method -->
              <div class="configuration-method before">
                <span class="method-name">beforeMethod(public void com.test.testcase.ForgotPasswordTestcase.doesnotexistmailadress() throws java.lang.Inter...)</span>
                <span class="method-start">70192 ms</span>
              </div> <!-- configuration-method before -->
              <div class="test-method">
                <span class="method-name">doesnotexistmailadress</span>
                <span class="method-start">70193 ms</span>
              </div> <!-- test-method -->
              <div class="configuration-method after">
                <span class="method-name">afterMethod([TestResult name=invalidmailadress status=FAILURE method=ForgotPasswordTestcase.invalidmailadress()[...)</span>
                <span class="method-start">131208 ms</span>
              </div> <!-- configuration-method after -->
              <div class="configuration-method after">
                <span class="method-name">afterMethod([TestResult name=doesnotexistmailadress status=SUCCESS method=ForgotPasswordTestcase.doesnotexistmai...)</span>
                <span class="method-start">131638 ms</span>
              </div> <!-- configuration-method after -->
              <div class="configuration-method before">
                <span class="method-name">beforeMethod(public void com.test.testcase.ForgotPasswordTestcase.doesnotexistmailadress() throws java.lang.Inter...)</span>
                <span class="method-start">132004 ms</span>
              </div> <!-- configuration-method before -->
              <div class="test-method">
                <img src="failed.png">
                </img>
                <span class="method-name">doesnotexistmailadress</span>
                <span class="method-start">132005 ms</span>
              </div> <!-- test-method -->
              <div class="configuration-method before">
                <span class="method-name">beforeMethod(public void com.test.testcase.ForgotPasswordTestcase.validemailadress() throws java.lang.Interrupted...)</span>
                <span class="method-start">132523 ms</span>
              </div> <!-- configuration-method before -->
              <div class="test-method">
                <img src="failed.png">
                </img>
                <span class="method-name">validemailadress</span>
                <span class="method-start">132523 ms</span>
              </div> <!-- test-method -->
              <div class="configuration-method after">
                <span class="method-name">afterMethod([TestResult name=doesnotexistmailadress status=FAILURE method=ForgotPasswordTestcase.doesnotexistmai...)</span>
                <span class="method-start">170455 ms</span>
              </div> <!-- configuration-method after -->
              <div class="configuration-method after">
                <span class="method-name">afterMethod([TestResult name=validemailadress status=FAILURE method=ForgotPasswordTestcase.validemailadress()[pr...)</span>
                <span class="method-start">170477 ms</span>
              </div> <!-- configuration-method after -->
              <div class="configuration-method before">
                <span class="method-name">beforeMethod(public void com.test.testcase.ForgotPasswordTestcase.validemailadress() throws java.lang.Interrupted...)</span>
                <span class="method-start">171272 ms</span>
              </div> <!-- configuration-method before -->
              <div class="test-method">
                <span class="method-name">validemailadress</span>
                <span class="method-start">171272 ms</span>
              </div> <!-- test-method -->
            </div> <!-- chronological-class -->
            <div class="chronological-class">
              <div class="chronological-class-name">com.test.testcase.HomeTestcase</div> <!-- chronological-class-name -->
              <div class="configuration-test after">
                <span class="method-name">tearDown(org.testng.TestRunner@1a968a59)</span>
                <span class="method-start">171794 ms</span>
              </div> <!-- configuration-test after -->
            </div> <!-- chronological-class -->
            <div class="chronological-class">
              <div class="chronological-class-name">com.test.testcase.ForgotPasswordTestcase</div> <!-- chronological-class-name -->
              <div class="configuration-method after">
                <span class="method-name">afterMethod([TestResult name=validemailadress status=SUCCESS method=ForgotPasswordTestcase.validemailadress()[pr...)</span>
                <span class="method-start">189666 ms</span>
              </div> <!-- configuration-method after -->
            </div> <!-- chronological-class -->
            <div class="chronological-class">
              <div class="chronological-class-name">com.test.testcase.HomeTestcase</div> <!-- chronological-class-name -->
              <div class="configuration-test after">
                <span class="method-name">tearDown(org.testng.TestRunner@4667ae56)</span>
                <span class="method-start">190424 ms</span>
              </div> <!-- configuration-test after -->
          </div> <!-- main-panel-content rounded-window-bottom -->
        </div> <!-- panel -->
      </div> <!-- main-panel-root -->
    </div> <!-- wrapper -->
  </body>
</html>
